<?xml version="1.0" encoding="UTF-8"?>
<testsuite name="org.example.AuthorStatisticsFetcherTest" tests="3" skipped="0" failures="0" errors="0" timestamp="2024-12-15T17:47:27" hostname="DESKTOP-J5I3DRQ" time="27.103">
  <properties/>
  <testcase name="testFetchAuthorStatisticsInvalidId()" classname="org.example.AuthorStatisticsFetcherTest" time="11.251"/>
  <testcase name="testFetchAuthorStatisticsValidId()" classname="org.example.AuthorStatisticsFetcherTest" time="8.967"/>
  <testcase name="testGetCookies()" classname="org.example.AuthorStatisticsFetcherTest" time="6.884"/>
  <system-out><![CDATA[[2024-12-15 20:47:36] [Test worker] INFO  org.example.AuthorStatisticsFetcher - РџРѕР»СѓС‡РµРЅРЅС‹Рµ РєСѓРєРё: {__utmz=216042306.1734284852.1.1.utmcsr=(direct)|utmccn=(direct)|utmcmd=(none), _ym_uid=1734284852588574628, SCookieGUID=EE0B928D%2D81F4%2D497A%2D98B2%2DA736DEE5F9BC, _ym_isad=2, __utmt=1, __utmb=216042306.1.10.1734284852, _ym_d=1734284852, __utmc=216042306, SUserID=593516315, __utma=216042306.203842971.1734284852.1734284852.1734284852.1}
[2024-12-15 20:47:37] [Test worker] INFO  org.example.AuthorStatisticsFetcher - Р’С‹РїРѕР»РЅСЏРµС‚СЃСЏ Р·Р°РїСЂРѕСЃ Рє URL: https://elibrary.ru/author_items.asp?authorid=invalid&pubrole=100&show_refs=1&show_option=0&pagenum=1
[2024-12-15 20:47:45] [Test worker] INFO  org.example.AuthorStatisticsFetcher - РџРѕР»СѓС‡РµРЅРЅС‹Рµ РєСѓРєРё: {__utmz=216042306.1734284860.1.1.utmcsr=(direct)|utmccn=(direct)|utmcmd=(none), _ym_uid=1734284860205728800, SCookieGUID=1F79B288%2D0B81%2D4A63%2D91DA%2D8EA6B37C1AE4, _ym_isad=2, __utmt=1, __utmb=216042306.1.10.1734284860, _ym_d=1734284860, __utmc=216042306, SUserID=593516339, __utma=216042306.2047158769.1734284860.1734284860.1734284860.1}
[2024-12-15 20:47:45] [Test worker] INFO  org.example.AuthorStatisticsFetcher - Р’С‹РїРѕР»РЅСЏРµС‚СЃСЏ Р·Р°РїСЂРѕСЃ Рє URL: https://elibrary.ru/author_items.asp?authorid=1086593&pubrole=100&show_refs=1&show_option=0&pagenum=1
[2024-12-15 20:47:54] [Test worker] INFO  org.example.AuthorStatisticsFetcher - РџРѕР»СѓС‡РµРЅРЅС‹Рµ РєСѓРєРё: {__utmz=216042306.1734284869.1.1.utmcsr=(direct)|utmccn=(direct)|utmcmd=(none), _ym_uid=1734284869660227814, SCookieGUID=839C861C%2D8C66%2D48E3%2D9199%2D6E931DAF3F01, _ym_isad=2, __utmt=1, __utmb=216042306.1.10.1734284869, _ym_d=1734284869, __utmc=216042306, SUserID=593516355, __utma=216042306.1296034513.1734284869.1734284869.1734284869.1}
]]></system-out>
  <system-err><![CDATA[[Test worker] INFO io.github.bonigarcia.wdm.WebDriverManager - Using chromedriver 131.0.6778.108 (resolved driver for Chrome 131)
[Test worker] INFO io.github.bonigarcia.wdm.WebDriverManager - Exporting webdriver.chrome.driver as C:\Users\elizk\.cache\selenium\chromedriver\win64\131.0.6778.108\chromedriver.exe
дек. 15, 2024 8:47:30 PM org.openqa.selenium.devtools.CdpVersionFinder findNearestMatch
WARNING: Unable to find CDP implementation matching 131
дек. 15, 2024 8:47:30 PM org.openqa.selenium.chromium.ChromiumDriver lambda$new$5
WARNING: Unable to find version of CDP to use for 131.0.6778.140. You may need to include a dependency on a specific version of the CDP using something similar to `org.seleniumhq.selenium:selenium-devtools-v86:4.13.0` where the version ("v86") matches the version of the chromium-based browser you're using and the version number of the artifact is the same as Selenium's.
[Test worker] INFO io.github.bonigarcia.wdm.WebDriverManager - Using chromedriver 131.0.6778.108 (resolved driver for Chrome 131)
[Test worker] INFO io.github.bonigarcia.wdm.WebDriverManager - Exporting webdriver.chrome.driver as C:\Users\elizk\.cache\selenium\chromedriver\win64\131.0.6778.108\chromedriver.exe
дек. 15, 2024 8:47:39 PM org.openqa.selenium.devtools.CdpVersionFinder findNearestMatch
WARNING: Unable to find CDP implementation matching 131
дек. 15, 2024 8:47:39 PM org.openqa.selenium.chromium.ChromiumDriver lambda$new$5
WARNING: Unable to find version of CDP to use for 131.0.6778.140. You may need to include a dependency on a specific version of the CDP using something similar to `org.seleniumhq.selenium:selenium-devtools-v86:4.13.0` where the version ("v86") matches the version of the chromium-based browser you're using and the version number of the artifact is the same as Selenium's.
[Test worker] INFO io.github.bonigarcia.wdm.WebDriverManager - Using chromedriver 131.0.6778.108 (resolved driver for Chrome 131)
[Test worker] INFO io.github.bonigarcia.wdm.WebDriverManager - Exporting webdriver.chrome.driver as C:\Users\elizk\.cache\selenium\chromedriver\win64\131.0.6778.108\chromedriver.exe
дек. 15, 2024 8:47:48 PM org.openqa.selenium.devtools.CdpVersionFinder findNearestMatch
WARNING: Unable to find CDP implementation matching 131
дек. 15, 2024 8:47:48 PM org.openqa.selenium.chromium.ChromiumDriver lambda$new$5
WARNING: Unable to find version of CDP to use for 131.0.6778.140. You may need to include a dependency on a specific version of the CDP using something similar to `org.seleniumhq.selenium:selenium-devtools-v86:4.13.0` where the version ("v86") matches the version of the chromium-based browser you're using and the version number of the artifact is the same as Selenium's.
]]></system-err>
</testsuite>
